{"/Users/jineeshjohn/Documents/dev/gitrepo/minimal-react-redux-jest/config/jest.config.js": {"path":"/Users/jineeshjohn/Documents/dev/gitrepo/minimal-react-redux-jest/config/jest.config.js","statementMap":{"0":{"start":{"line":4,"column":0},"end":{"line":4,"column":38}},"1":{"start":{"line":5,"column":0},"end":{"line":7,"column":2}},"2":{"start":{"line":6,"column":1},"end":{"line":6,"column":25}}},"fnMap":{"0":{"name":"(anonymous_0)","decl":{"start":{"line":5,"column":31},"end":{"line":5,"column":32}},"loc":{"start":{"line":5,"column":50},"end":{"line":7,"column":1}},"line":5}},"branchMap":{},"s":{"0":1,"1":1,"2":0},"f":{"0":0},"b":{},"_coverageSchema":"332fd63041d2c1bcb487cc26dd0d5f7d97098a6c","hash":"5e40db1024c3ef34accd1cc3be1c1c8c04e670bd"}
,"/Users/jineeshjohn/Documents/dev/gitrepo/minimal-react-redux-jest/config/resourceMock.js": {"path":"/Users/jineeshjohn/Documents/dev/gitrepo/minimal-react-redux-jest/config/resourceMock.js","statementMap":{"0":{"start":{"line":3,"column":0},"end":{"line":3,"column":34}}},"fnMap":{},"branchMap":{},"s":{"0":1},"f":{},"b":{},"_coverageSchema":"332fd63041d2c1bcb487cc26dd0d5f7d97098a6c","hash":"870c7aeded26875f50d69694399350ad1fdd1e50"}
,"/Users/jineeshjohn/Documents/dev/gitrepo/minimal-react-redux-jest/src/components/module/carousel.js": {"path":"/Users/jineeshjohn/Documents/dev/gitrepo/minimal-react-redux-jest/src/components/module/carousel.js","statementMap":{"0":{"start":{"line":3,"column":15},"end":{"line":3,"column":41}},"1":{"start":{"line":5,"column":17},"end":{"line":5,"column":118}},"2":{"start":{"line":5,"column":28},"end":{"line":5,"column":118}},"3":{"start":{"line":7,"column":0},"end":{"line":9,"column":2}}},"fnMap":{"0":{"name":"(anonymous_0)","decl":{"start":{"line":5,"column":17},"end":{"line":5,"column":18}},"loc":{"start":{"line":5,"column":28},"end":{"line":5,"column":118}},"line":5}},"branchMap":{},"s":{"0":1,"1":1,"2":1,"3":1},"f":{"0":1},"b":{},"_coverageSchema":"332fd63041d2c1bcb487cc26dd0d5f7d97098a6c","hash":"b46a5b8cf946620953641b0fda62829af4f011e5"}
}
